{"C:\\Users\\kevin\\Desktop\\API prueba\\api-asteriscos\\src\\config\\database.js": {"path":"C:\\Users\\kevin\\Desktop\\API prueba\\api-asteriscos\\src\\config\\database.js","statementMap":{"0":{"start":{"line":1,"column":14},"end":{"line":1,"column":39}},"1":{"start":{"line":2,"column":0},"end":{"line":2,"column":27}},"2":{"start":{"line":5,"column":13},"end":{"line":14,"column":2}},"3":{"start":{"line":18,"column":2},"end":{"line":26,"column":3}},"4":{"start":{"line":19,"column":23},"end":{"line":19,"column":49}},"5":{"start":{"line":20,"column":4},"end":{"line":20,"column":62}},"6":{"start":{"line":21,"column":4},"end":{"line":21,"column":25}},"7":{"start":{"line":22,"column":4},"end":{"line":22,"column":16}},"8":{"start":{"line":24,"column":4},"end":{"line":24,"column":65}},"9":{"start":{"line":25,"column":4},"end":{"line":25,"column":17}},"10":{"start":{"line":29,"column":0},"end":{"line":32,"column":2}}},"fnMap":{"0":{"name":"testConnection","decl":{"start":{"line":17,"column":15},"end":{"line":17,"column":29}},"loc":{"start":{"line":17,"column":32},"end":{"line":27,"column":1}},"line":17}},"branchMap":{"0":{"loc":{"start":{"line":6,"column":8},"end":{"line":6,"column":42}},"type":"binary-expr","locations":[{"start":{"line":6,"column":8},"end":{"line":6,"column":27}},{"start":{"line":6,"column":31},"end":{"line":6,"column":42}}],"line":6},"1":{"loc":{"start":{"line":7,"column":8},"end":{"line":7,"column":37}},"type":"binary-expr","locations":[{"start":{"line":7,"column":8},"end":{"line":7,"column":27}},{"start":{"line":7,"column":31},"end":{"line":7,"column":37}}],"line":7},"2":{"loc":{"start":{"line":8,"column":12},"end":{"line":8,"column":41}},"type":"binary-expr","locations":[{"start":{"line":8,"column":12},"end":{"line":8,"column":35}},{"start":{"line":8,"column":39},"end":{"line":8,"column":41}}],"line":8},"3":{"loc":{"start":{"line":9,"column":12},"end":{"line":9,"column":48}},"type":"binary-expr","locations":[{"start":{"line":9,"column":12},"end":{"line":9,"column":31}},{"start":{"line":9,"column":35},"end":{"line":9,"column":48}}],"line":9},"4":{"loc":{"start":{"line":10,"column":8},"end":{"line":10,"column":35}},"type":"binary-expr","locations":[{"start":{"line":10,"column":8},"end":{"line":10,"column":27}},{"start":{"line":10,"column":31},"end":{"line":10,"column":35}}],"line":10}},"s":{"0":4,"1":4,"2":4,"3":0,"4":0,"5":0,"6":0,"7":0,"8":0,"9":0,"10":4},"f":{"0":0},"b":{"0":[4,0],"1":[4,0],"2":[4,0],"3":[4,0],"4":[4,0]},"_coverageSchema":"1a1c01bbd47fc00a2c39e90264f33305004495a9","hash":"c1c082e0acaeb0310c53b3f573e13ab177797270"}
,"C:\\Users\\kevin\\Desktop\\API prueba\\api-asteriscos\\src\\controllers\\adminController.js": {"path":"C:\\Users\\kevin\\Desktop\\API prueba\\api-asteriscos\\src\\controllers\\adminController.js","statementMap":{"0":{"start":{"line":1,"column":21},"end":{"line":1,"column":56}},"1":{"start":{"line":6,"column":24},"end":{"line":26,"column":1}},"2":{"start":{"line":7,"column":2},"end":{"line":25,"column":3}},"3":{"start":{"line":8,"column":19},"end":{"line":8,"column":29}},"4":{"start":{"line":10,"column":4},"end":{"line":12,"column":5}},"5":{"start":{"line":11,"column":6},"end":{"line":11,"column":73}},"6":{"start":{"line":14,"column":4},"end":{"line":14,"column":53}},"7":{"start":{"line":16,"column":4},"end":{"line":16,"column":74}},"8":{"start":{"line":18,"column":4},"end":{"line":18,"column":55}},"9":{"start":{"line":20,"column":4},"end":{"line":22,"column":5}},"10":{"start":{"line":21,"column":6},"end":{"line":21,"column":60}},"11":{"start":{"line":24,"column":4},"end":{"line":24,"column":68}},"12":{"start":{"line":31,"column":26},"end":{"line":56,"column":1}},"13":{"start":{"line":32,"column":2},"end":{"line":55,"column":3}},"14":{"start":{"line":33,"column":19},"end":{"line":33,"column":29}},"15":{"start":{"line":34,"column":18},"end":{"line":34,"column":26}},"16":{"start":{"line":36,"column":4},"end":{"line":38,"column":5}},"17":{"start":{"line":37,"column":6},"end":{"line":37,"column":73}},"18":{"start":{"line":40,"column":4},"end":{"line":42,"column":5}},"19":{"start":{"line":41,"column":6},"end":{"line":41,"column":83}},"20":{"start":{"line":44,"column":31},"end":{"line":44,"column":88}},"21":{"start":{"line":46,"column":4},"end":{"line":46,"column":33}},"22":{"start":{"line":48,"column":4},"end":{"line":48,"column":57}},"23":{"start":{"line":50,"column":4},"end":{"line":52,"column":5}},"24":{"start":{"line":51,"column":6},"end":{"line":51,"column":60}},"25":{"start":{"line":54,"column":4},"end":{"line":54,"column":70}},"26":{"start":{"line":61,"column":28},"end":{"line":70,"column":1}},"27":{"start":{"line":62,"column":2},"end":{"line":69,"column":3}},"28":{"start":{"line":63,"column":25},"end":{"line":63,"column":65}},"29":{"start":{"line":65,"column":4},"end":{"line":65,"column":27}},"30":{"start":{"line":67,"column":4},"end":{"line":67,"column":59}},"31":{"start":{"line":68,"column":4},"end":{"line":68,"column":69}},"32":{"start":{"line":72,"column":0},"end":{"line":76,"column":2}}},"fnMap":{"0":{"name":"(anonymous_0)","decl":{"start":{"line":6,"column":24},"end":{"line":6,"column":25}},"loc":{"start":{"line":6,"column":44},"end":{"line":26,"column":1}},"line":6},"1":{"name":"(anonymous_1)","decl":{"start":{"line":31,"column":26},"end":{"line":31,"column":27}},"loc":{"start":{"line":31,"column":46},"end":{"line":56,"column":1}},"line":31},"2":{"name":"(anonymous_2)","decl":{"start":{"line":61,"column":28},"end":{"line":61,"column":29}},"loc":{"start":{"line":61,"column":48},"end":{"line":70,"column":1}},"line":61}},"branchMap":{"0":{"loc":{"start":{"line":10,"column":4},"end":{"line":12,"column":5}},"type":"if","locations":[{"start":{"line":10,"column":4},"end":{"line":12,"column":5}},{"start":{},"end":{}}],"line":10},"1":{"loc":{"start":{"line":10,"column":8},"end":{"line":10,"column":34}},"type":"binary-expr","locations":[{"start":{"line":10,"column":8},"end":{"line":10,"column":11}},{"start":{"line":10,"column":15},"end":{"line":10,"column":34}}],"line":10},"2":{"loc":{"start":{"line":20,"column":4},"end":{"line":22,"column":5}},"type":"if","locations":[{"start":{"line":20,"column":4},"end":{"line":22,"column":5}},{"start":{},"end":{}}],"line":20},"3":{"loc":{"start":{"line":36,"column":4},"end":{"line":38,"column":5}},"type":"if","locations":[{"start":{"line":36,"column":4},"end":{"line":38,"column":5}},{"start":{},"end":{}}],"line":36},"4":{"loc":{"start":{"line":36,"column":8},"end":{"line":36,"column":34}},"type":"binary-expr","locations":[{"start":{"line":36,"column":8},"end":{"line":36,"column":11}},{"start":{"line":36,"column":15},"end":{"line":36,"column":34}}],"line":36},"5":{"loc":{"start":{"line":40,"column":4},"end":{"line":42,"column":5}},"type":"if","locations":[{"start":{"line":40,"column":4},"end":{"line":42,"column":5}},{"start":{},"end":{}}],"line":40},"6":{"loc":{"start":{"line":40,"column":8},"end":{"line":40,"column":49}},"type":"binary-expr","locations":[{"start":{"line":40,"column":8},"end":{"line":40,"column":14}},{"start":{"line":40,"column":18},"end":{"line":40,"column":49}}],"line":40},"7":{"loc":{"start":{"line":50,"column":4},"end":{"line":52,"column":5}},"type":"if","locations":[{"start":{"line":50,"column":4},"end":{"line":52,"column":5}},{"start":{},"end":{}}],"line":50}},"s":{"0":1,"1":1,"2":4,"3":4,"4":4,"5":1,"6":3,"7":1,"8":2,"9":2,"10":1,"11":1,"12":1,"13":5,"14":5,"15":5,"16":5,"17":1,"18":4,"19":1,"20":3,"21":1,"22":2,"23":2,"24":1,"25":1,"26":1,"27":2,"28":2,"29":1,"30":1,"31":1,"32":1},"f":{"0":4,"1":5,"2":2},"b":{"0":[1,3],"1":[4,3],"2":[1,1],"3":[1,4],"4":[5,4],"5":[1,3],"6":[4,4],"7":[1,1]},"_coverageSchema":"1a1c01bbd47fc00a2c39e90264f33305004495a9","hash":"4e2f952e174590976c508e9eac20722c78a9a367"}
,"C:\\Users\\kevin\\Desktop\\API prueba\\api-asteriscos\\src\\controllers\\palabrasController.js": {"path":"C:\\Users\\kevin\\Desktop\\API prueba\\api-asteriscos\\src\\controllers\\palabrasController.js","statementMap":{"0":{"start":{"line":1,"column":24},"end":{"line":1,"column":62}},"1":{"start":{"line":7,"column":28},"end":{"line":32,"column":1}},"2":{"start":{"line":8,"column":2},"end":{"line":31,"column":3}},"3":{"start":{"line":9,"column":24},"end":{"line":9,"column":32}},"4":{"start":{"line":11,"column":4},"end":{"line":13,"column":5}},"5":{"start":{"line":12,"column":6},"end":{"line":12,"column":72}},"6":{"start":{"line":16,"column":22},"end":{"line":16,"column":68}},"7":{"start":{"line":19,"column":4},"end":{"line":19,"column":56}},"8":{"start":{"line":22,"column":4},"end":{"line":27,"column":7}},"9":{"start":{"line":29,"column":4},"end":{"line":29,"column":55}},"10":{"start":{"line":30,"column":4},"end":{"line":30,"column":68}},"11":{"start":{"line":37,"column":23},"end":{"line":57,"column":1}},"12":{"start":{"line":38,"column":2},"end":{"line":56,"column":3}},"13":{"start":{"line":39,"column":19},"end":{"line":39,"column":29}},"14":{"start":{"line":41,"column":4},"end":{"line":43,"column":5}},"15":{"start":{"line":42,"column":6},"end":{"line":42,"column":73}},"16":{"start":{"line":45,"column":20},"end":{"line":45,"column":70}},"17":{"start":{"line":47,"column":4},"end":{"line":47,"column":22}},"18":{"start":{"line":49,"column":4},"end":{"line":49,"column":54}},"19":{"start":{"line":51,"column":4},"end":{"line":53,"column":5}},"20":{"start":{"line":52,"column":6},"end":{"line":52,"column":60}},"21":{"start":{"line":55,"column":4},"end":{"line":55,"column":67}},"22":{"start":{"line":62,"column":23},"end":{"line":74,"column":1}},"23":{"start":{"line":63,"column":2},"end":{"line":73,"column":3}},"24":{"start":{"line":64,"column":19},"end":{"line":64,"column":50}},"25":{"start":{"line":65,"column":19},"end":{"line":65,"column":51}},"26":{"start":{"line":67,"column":22},"end":{"line":67,"column":74}},"27":{"start":{"line":69,"column":4},"end":{"line":69,"column":24}},"28":{"start":{"line":71,"column":4},"end":{"line":71,"column":54}},"29":{"start":{"line":72,"column":4},"end":{"line":72,"column":68}},"30":{"start":{"line":79,"column":23},"end":{"line":92,"column":1}},"31":{"start":{"line":80,"column":2},"end":{"line":91,"column":3}},"32":{"start":{"line":81,"column":22},"end":{"line":81,"column":31}},"33":{"start":{"line":82,"column":19},"end":{"line":82,"column":50}},"34":{"start":{"line":83,"column":19},"end":{"line":83,"column":51}},"35":{"start":{"line":85,"column":22},"end":{"line":85,"column":81}},"36":{"start":{"line":87,"column":4},"end":{"line":87,"column":24}},"37":{"start":{"line":89,"column":4},"end":{"line":89,"column":54}},"38":{"start":{"line":90,"column":4},"end":{"line":90,"column":64}},"39":{"start":{"line":94,"column":0},"end":{"line":99,"column":2}}},"fnMap":{"0":{"name":"(anonymous_0)","decl":{"start":{"line":7,"column":28},"end":{"line":7,"column":29}},"loc":{"start":{"line":7,"column":48},"end":{"line":32,"column":1}},"line":7},"1":{"name":"(anonymous_1)","decl":{"start":{"line":37,"column":23},"end":{"line":37,"column":24}},"loc":{"start":{"line":37,"column":43},"end":{"line":57,"column":1}},"line":37},"2":{"name":"(anonymous_2)","decl":{"start":{"line":62,"column":23},"end":{"line":62,"column":24}},"loc":{"start":{"line":62,"column":43},"end":{"line":74,"column":1}},"line":62},"3":{"name":"(anonymous_3)","decl":{"start":{"line":79,"column":23},"end":{"line":79,"column":24}},"loc":{"start":{"line":79,"column":43},"end":{"line":92,"column":1}},"line":79}},"branchMap":{"0":{"loc":{"start":{"line":11,"column":4},"end":{"line":13,"column":5}},"type":"if","locations":[{"start":{"line":11,"column":4},"end":{"line":13,"column":5}},{"start":{},"end":{}}],"line":11},"1":{"loc":{"start":{"line":41,"column":4},"end":{"line":43,"column":5}},"type":"if","locations":[{"start":{"line":41,"column":4},"end":{"line":43,"column":5}},{"start":{},"end":{}}],"line":41},"2":{"loc":{"start":{"line":41,"column":8},"end":{"line":41,"column":34}},"type":"binary-expr","locations":[{"start":{"line":41,"column":8},"end":{"line":41,"column":11}},{"start":{"line":41,"column":15},"end":{"line":41,"column":34}}],"line":41},"3":{"loc":{"start":{"line":51,"column":4},"end":{"line":53,"column":5}},"type":"if","locations":[{"start":{"line":51,"column":4},"end":{"line":53,"column":5}},{"start":{},"end":{}}],"line":51},"4":{"loc":{"start":{"line":64,"column":19},"end":{"line":64,"column":50}},"type":"binary-expr","locations":[{"start":{"line":64,"column":19},"end":{"line":64,"column":45}},{"start":{"line":64,"column":49},"end":{"line":64,"column":50}}],"line":64},"5":{"loc":{"start":{"line":65,"column":19},"end":{"line":65,"column":51}},"type":"binary-expr","locations":[{"start":{"line":65,"column":19},"end":{"line":65,"column":45}},{"start":{"line":65,"column":49},"end":{"line":65,"column":51}}],"line":65},"6":{"loc":{"start":{"line":82,"column":19},"end":{"line":82,"column":50}},"type":"binary-expr","locations":[{"start":{"line":82,"column":19},"end":{"line":82,"column":45}},{"start":{"line":82,"column":49},"end":{"line":82,"column":50}}],"line":82},"7":{"loc":{"start":{"line":83,"column":19},"end":{"line":83,"column":51}},"type":"binary-expr","locations":[{"start":{"line":83,"column":19},"end":{"line":83,"column":45}},{"start":{"line":83,"column":49},"end":{"line":83,"column":51}}],"line":83}},"s":{"0":1,"1":1,"2":3,"3":3,"4":3,"5":1,"6":2,"7":1,"8":1,"9":1,"10":1,"11":1,"12":4,"13":4,"14":4,"15":1,"16":3,"17":1,"18":2,"19":2,"20":1,"21":1,"22":1,"23":3,"24":3,"25":3,"26":3,"27":2,"28":1,"29":1,"30":1,"31":3,"32":3,"33":3,"34":3,"35":3,"36":2,"37":1,"38":1,"39":1},"f":{"0":3,"1":4,"2":3,"3":3},"b":{"0":[1,2],"1":[1,3],"2":[4,3],"3":[1,1],"4":[3,2],"5":[3,2],"6":[3,2],"7":[3,2]},"_coverageSchema":"1a1c01bbd47fc00a2c39e90264f33305004495a9","hash":"35a055c409a2c72954ce0f7d14eace421955196b"}
,"C:\\Users\\kevin\\Desktop\\API prueba\\api-asteriscos\\src\\helpers\\Alfabeto.js": {"path":"C:\\Users\\kevin\\Desktop\\API prueba\\api-asteriscos\\src\\helpers\\Alfabeto.js","statementMap":{"0":{"start":{"line":1,"column":19},"end":{"line":245,"column":1}},"1":{"start":{"line":247,"column":0},"end":{"line":247,"column":28}}},"fnMap":{},"branchMap":{},"s":{"0":1,"1":1},"f":{},"b":{},"_coverageSchema":"1a1c01bbd47fc00a2c39e90264f33305004495a9","hash":"115515c4ff0e04c2eb0675e3078c75d9a0b84d15"}
,"C:\\Users\\kevin\\Desktop\\API prueba\\api-asteriscos\\src\\repositories\\baseRepository.js": {"path":"C:\\Users\\kevin\\Desktop\\API prueba\\api-asteriscos\\src\\repositories\\baseRepository.js","statementMap":{"0":{"start":{"line":1,"column":17},"end":{"line":1,"column":46}},"1":{"start":{"line":12,"column":4},"end":{"line":12,"column":31}},"2":{"start":{"line":22,"column":4},"end":{"line":28,"column":5}},"3":{"start":{"line":23,"column":24},"end":{"line":23,"column":53}},"4":{"start":{"line":24,"column":6},"end":{"line":24,"column":21}},"5":{"start":{"line":26,"column":6},"end":{"line":26,"column":60}},"6":{"start":{"line":27,"column":6},"end":{"line":27,"column":69}},"7":{"start":{"line":37,"column":4},"end":{"line":44,"column":5}},"8":{"start":{"line":38,"column":18},"end":{"line":38,"column":64}},"9":{"start":{"line":39,"column":22},"end":{"line":39,"column":49}},"10":{"start":{"line":40,"column":6},"end":{"line":40,"column":52}},"11":{"start":{"line":42,"column":6},"end":{"line":42,"column":75}},"12":{"start":{"line":43,"column":6},"end":{"line":43,"column":18}},"13":{"start":{"line":54,"column":4},"end":{"line":61,"column":5}},"14":{"start":{"line":55,"column":21},"end":{"line":55,"column":39}},"15":{"start":{"line":56,"column":18},"end":{"line":56,"column":68}},"16":{"start":{"line":57,"column":6},"end":{"line":57,"column":52}},"17":{"start":{"line":59,"column":6},"end":{"line":59,"column":88}},"18":{"start":{"line":60,"column":6},"end":{"line":60,"column":18}},"19":{"start":{"line":70,"column":4},"end":{"line":85,"column":5}},"20":{"start":{"line":71,"column":19},"end":{"line":71,"column":36}},"21":{"start":{"line":72,"column":21},"end":{"line":72,"column":40}},"22":{"start":{"line":73,"column":27},"end":{"line":73,"column":57}},"23":{"start":{"line":73,"column":42},"end":{"line":73,"column":45}},"24":{"start":{"line":75,"column":18},"end":{"line":75,"column":95}},"25":{"start":{"line":76,"column":21},"end":{"line":76,"column":50}},"26":{"start":{"line":78,"column":6},"end":{"line":81,"column":8}},"27":{"start":{"line":83,"column":6},"end":{"line":83,"column":76}},"28":{"start":{"line":84,"column":6},"end":{"line":84,"column":18}},"29":{"start":{"line":95,"column":4},"end":{"line":107,"column":5}},"30":{"start":{"line":96,"column":19},"end":{"line":96,"column":36}},"31":{"start":{"line":97,"column":21},"end":{"line":97,"column":40}},"32":{"start":{"line":99,"column":24},"end":{"line":99,"column":64}},"33":{"start":{"line":99,"column":40},"end":{"line":99,"column":52}},"34":{"start":{"line":100,"column":18},"end":{"line":100,"column":74}},"35":{"start":{"line":102,"column":21},"end":{"line":102,"column":59}},"36":{"start":{"line":103,"column":6},"end":{"line":103,"column":37}},"37":{"start":{"line":105,"column":6},"end":{"line":105,"column":81}},"38":{"start":{"line":106,"column":6},"end":{"line":106,"column":18}},"39":{"start":{"line":116,"column":4},"end":{"line":123,"column":5}},"40":{"start":{"line":117,"column":18},"end":{"line":117,"column":62}},"41":{"start":{"line":118,"column":21},"end":{"line":118,"column":48}},"42":{"start":{"line":119,"column":6},"end":{"line":119,"column":37}},"43":{"start":{"line":121,"column":6},"end":{"line":121,"column":79}},"44":{"start":{"line":122,"column":6},"end":{"line":122,"column":18}},"45":{"start":{"line":131,"column":4},"end":{"line":138,"column":5}},"46":{"start":{"line":132,"column":18},"end":{"line":132,"column":67}},"47":{"start":{"line":133,"column":21},"end":{"line":133,"column":42}},"48":{"start":{"line":134,"column":6},"end":{"line":134,"column":29}},"49":{"start":{"line":136,"column":6},"end":{"line":136,"column":78}},"50":{"start":{"line":137,"column":6},"end":{"line":137,"column":18}},"51":{"start":{"line":147,"column":4},"end":{"line":158,"column":5}},"52":{"start":{"line":148,"column":19},"end":{"line":148,"column":40}},"53":{"start":{"line":149,"column":21},"end":{"line":149,"column":44}},"54":{"start":{"line":151,"column":26},"end":{"line":151,"column":69}},"55":{"start":{"line":151,"column":42},"end":{"line":151,"column":54}},"56":{"start":{"line":152,"column":18},"end":{"line":152,"column":72}},"57":{"start":{"line":154,"column":6},"end":{"line":154,"column":43}},"58":{"start":{"line":156,"column":6},"end":{"line":156,"column":82}},"59":{"start":{"line":157,"column":6},"end":{"line":157,"column":18}},"60":{"start":{"line":162,"column":0},"end":{"line":162,"column":32}}},"fnMap":{"0":{"name":"(anonymous_0)","decl":{"start":{"line":11,"column":2},"end":{"line":11,"column":3}},"loc":{"start":{"line":11,"column":25},"end":{"line":13,"column":3}},"line":11},"1":{"name":"(anonymous_1)","decl":{"start":{"line":21,"column":2},"end":{"line":21,"column":3}},"loc":{"start":{"line":21,"column":32},"end":{"line":29,"column":3}},"line":21},"2":{"name":"(anonymous_2)","decl":{"start":{"line":36,"column":2},"end":{"line":36,"column":3}},"loc":{"start":{"line":36,"column":21},"end":{"line":45,"column":3}},"line":36},"3":{"name":"(anonymous_3)","decl":{"start":{"line":53,"column":2},"end":{"line":53,"column":3}},"loc":{"start":{"line":53,"column":38},"end":{"line":62,"column":3}},"line":53},"4":{"name":"(anonymous_4)","decl":{"start":{"line":69,"column":2},"end":{"line":69,"column":3}},"loc":{"start":{"line":69,"column":21},"end":{"line":86,"column":3}},"line":69},"5":{"name":"(anonymous_5)","decl":{"start":{"line":73,"column":36},"end":{"line":73,"column":37}},"loc":{"start":{"line":73,"column":42},"end":{"line":73,"column":45}},"line":73},"6":{"name":"(anonymous_6)","decl":{"start":{"line":94,"column":2},"end":{"line":94,"column":3}},"loc":{"start":{"line":94,"column":25},"end":{"line":108,"column":3}},"line":94},"7":{"name":"(anonymous_7)","decl":{"start":{"line":99,"column":33},"end":{"line":99,"column":34}},"loc":{"start":{"line":99,"column":40},"end":{"line":99,"column":52}},"line":99},"8":{"name":"(anonymous_8)","decl":{"start":{"line":115,"column":2},"end":{"line":115,"column":3}},"loc":{"start":{"line":115,"column":19},"end":{"line":124,"column":3}},"line":115},"9":{"name":"(anonymous_9)","decl":{"start":{"line":130,"column":2},"end":{"line":130,"column":3}},"loc":{"start":{"line":130,"column":16},"end":{"line":139,"column":3}},"line":130},"10":{"name":"(anonymous_10)","decl":{"start":{"line":146,"column":2},"end":{"line":146,"column":3}},"loc":{"start":{"line":146,"column":33},"end":{"line":159,"column":3}},"line":146},"11":{"name":"(anonymous_11)","decl":{"start":{"line":151,"column":35},"end":{"line":151,"column":36}},"loc":{"start":{"line":151,"column":42},"end":{"line":151,"column":54}},"line":151}},"branchMap":{"0":{"loc":{"start":{"line":21,"column":19},"end":{"line":21,"column":30}},"type":"default-arg","locations":[{"start":{"line":21,"column":28},"end":{"line":21,"column":30}}],"line":21},"1":{"loc":{"start":{"line":40,"column":13},"end":{"line":40,"column":51}},"type":"cond-expr","locations":[{"start":{"line":40,"column":34},"end":{"line":40,"column":44}},{"start":{"line":40,"column":47},"end":{"line":40,"column":51}}],"line":40},"2":{"loc":{"start":{"line":53,"column":16},"end":{"line":53,"column":24}},"type":"default-arg","locations":[{"start":{"line":53,"column":23},"end":{"line":53,"column":24}}],"line":53},"3":{"loc":{"start":{"line":53,"column":26},"end":{"line":53,"column":36}},"type":"default-arg","locations":[{"start":{"line":53,"column":34},"end":{"line":53,"column":36}}],"line":53}},"s":{"0":6,"1":18,"2":13,"3":13,"4":12,"5":1,"6":1,"7":2,"8":2,"9":2,"10":2,"11":0,"12":0,"13":2,"14":2,"15":2,"16":2,"17":0,"18":0,"19":1,"20":1,"21":1,"22":1,"23":2,"24":1,"25":1,"26":1,"27":0,"28":0,"29":2,"30":2,"31":2,"32":2,"33":3,"34":2,"35":2,"36":2,"37":0,"38":0,"39":2,"40":2,"41":2,"42":2,"43":0,"44":0,"45":1,"46":1,"47":1,"48":1,"49":0,"50":0,"51":1,"52":1,"53":1,"54":1,"55":2,"56":1,"57":1,"58":0,"59":0,"60":6},"f":{"0":18,"1":13,"2":2,"3":2,"4":1,"5":2,"6":2,"7":3,"8":2,"9":1,"10":1,"11":2},"b":{"0":[3],"1":[1,1],"2":[1],"3":[1]},"_coverageSchema":"1a1c01bbd47fc00a2c39e90264f33305004495a9","hash":"5bdb7c1cc6699ab2bc2650c9949351b2ef373946"}
,"C:\\Users\\kevin\\Desktop\\API prueba\\api-asteriscos\\src\\repositories\\palabrasRepository.js": {"path":"C:\\Users\\kevin\\Desktop\\API prueba\\api-asteriscos\\src\\repositories\\palabrasRepository.js","statementMap":{"0":{"start":{"line":1,"column":23},"end":{"line":1,"column":50}},"1":{"start":{"line":11,"column":4},"end":{"line":11,"column":22}},"2":{"start":{"line":22,"column":4},"end":{"line":52,"column":5}},"3":{"start":{"line":24,"column":31},"end":{"line":24,"column":67}},"4":{"start":{"line":26,"column":6},"end":{"line":48,"column":7}},"5":{"start":{"line":28,"column":25},"end":{"line":28,"column":58}},"6":{"start":{"line":29,"column":8},"end":{"line":32,"column":11}},"7":{"start":{"line":34,"column":8},"end":{"line":38,"column":10}},"8":{"start":{"line":41,"column":8},"end":{"line":47,"column":11}},"9":{"start":{"line":50,"column":6},"end":{"line":50,"column":56}},"10":{"start":{"line":51,"column":6},"end":{"line":51,"column":18}},"11":{"start":{"line":61,"column":4},"end":{"line":68,"column":5}},"12":{"start":{"line":62,"column":18},"end":{"line":62,"column":69}},"13":{"start":{"line":63,"column":22},"end":{"line":63,"column":54}},"14":{"start":{"line":64,"column":6},"end":{"line":64,"column":52}},"15":{"start":{"line":66,"column":6},"end":{"line":66,"column":55}},"16":{"start":{"line":67,"column":6},"end":{"line":67,"column":18}},"17":{"start":{"line":77,"column":4},"end":{"line":89,"column":5}},"18":{"start":{"line":78,"column":22},"end":{"line":78,"column":45}},"19":{"start":{"line":79,"column":6},"end":{"line":79,"column":33}},"20":{"start":{"line":79,"column":20},"end":{"line":79,"column":33}},"21":{"start":{"line":81,"column":23},"end":{"line":81,"column":47}},"22":{"start":{"line":82,"column":6},"end":{"line":85,"column":9}},"23":{"start":{"line":87,"column":6},"end":{"line":87,"column":61}},"24":{"start":{"line":88,"column":6},"end":{"line":88,"column":18}},"25":{"start":{"line":100,"column":4},"end":{"line":107,"column":5}},"26":{"start":{"line":101,"column":21},"end":{"line":101,"column":39}},"27":{"start":{"line":102,"column":18},"end":{"line":102,"column":89}},"28":{"start":{"line":103,"column":6},"end":{"line":103,"column":66}},"29":{"start":{"line":105,"column":6},"end":{"line":105,"column":57}},"30":{"start":{"line":106,"column":6},"end":{"line":106,"column":18}},"31":{"start":{"line":116,"column":4},"end":{"line":122,"column":5}},"32":{"start":{"line":117,"column":18},"end":{"line":117,"column":86}},"33":{"start":{"line":118,"column":6},"end":{"line":118,"column":44}},"34":{"start":{"line":120,"column":6},"end":{"line":120,"column":72}},"35":{"start":{"line":121,"column":6},"end":{"line":121,"column":18}},"36":{"start":{"line":130,"column":4},"end":{"line":150,"column":5}},"37":{"start":{"line":131,"column":28},"end":{"line":131,"column":46}},"38":{"start":{"line":132,"column":28},"end":{"line":132,"column":62}},"39":{"start":{"line":134,"column":26},"end":{"line":134,"column":89}},"40":{"start":{"line":135,"column":29},"end":{"line":135,"column":58}},"41":{"start":{"line":136,"column":24},"end":{"line":136,"column":57}},"42":{"start":{"line":138,"column":25},"end":{"line":138,"column":96}},"43":{"start":{"line":139,"column":33},"end":{"line":139,"column":61}},"44":{"start":{"line":141,"column":6},"end":{"line":146,"column":8}},"45":{"start":{"line":148,"column":6},"end":{"line":148,"column":61}},"46":{"start":{"line":149,"column":6},"end":{"line":149,"column":18}},"47":{"start":{"line":154,"column":0},"end":{"line":154,"column":42}}},"fnMap":{"0":{"name":"(anonymous_0)","decl":{"start":{"line":10,"column":2},"end":{"line":10,"column":3}},"loc":{"start":{"line":10,"column":16},"end":{"line":12,"column":3}},"line":10},"1":{"name":"(anonymous_1)","decl":{"start":{"line":21,"column":2},"end":{"line":21,"column":3}},"loc":{"start":{"line":21,"column":48},"end":{"line":53,"column":3}},"line":21},"2":{"name":"(anonymous_2)","decl":{"start":{"line":60,"column":2},"end":{"line":60,"column":3}},"loc":{"start":{"line":60,"column":34},"end":{"line":69,"column":3}},"line":60},"3":{"name":"(anonymous_3)","decl":{"start":{"line":76,"column":2},"end":{"line":76,"column":3}},"loc":{"start":{"line":76,"column":32},"end":{"line":90,"column":3}},"line":76},"4":{"name":"(anonymous_4)","decl":{"start":{"line":99,"column":2},"end":{"line":99,"column":3}},"loc":{"start":{"line":99,"column":52},"end":{"line":108,"column":3}},"line":99},"5":{"name":"(anonymous_5)","decl":{"start":{"line":115,"column":2},"end":{"line":115,"column":3}},"loc":{"start":{"line":115,"column":41},"end":{"line":123,"column":3}},"line":115},"6":{"name":"(anonymous_6)","decl":{"start":{"line":129,"column":2},"end":{"line":129,"column":3}},"loc":{"start":{"line":129,"column":30},"end":{"line":151,"column":3}},"line":129}},"branchMap":{"0":{"loc":{"start":{"line":26,"column":6},"end":{"line":48,"column":7}},"type":"if","locations":[{"start":{"line":26,"column":6},"end":{"line":48,"column":7}},{"start":{"line":39,"column":13},"end":{"line":48,"column":7}}],"line":26},"1":{"loc":{"start":{"line":64,"column":13},"end":{"line":64,"column":51}},"type":"cond-expr","locations":[{"start":{"line":64,"column":34},"end":{"line":64,"column":44}},{"start":{"line":64,"column":47},"end":{"line":64,"column":51}}],"line":64},"2":{"loc":{"start":{"line":79,"column":6},"end":{"line":79,"column":33}},"type":"if","locations":[{"start":{"line":79,"column":6},"end":{"line":79,"column":33}},{"start":{},"end":{}}],"line":79},"3":{"loc":{"start":{"line":99,"column":30},"end":{"line":99,"column":38}},"type":"default-arg","locations":[{"start":{"line":99,"column":37},"end":{"line":99,"column":38}}],"line":99},"4":{"loc":{"start":{"line":99,"column":40},"end":{"line":99,"column":50}},"type":"default-arg","locations":[{"start":{"line":99,"column":48},"end":{"line":99,"column":50}}],"line":99},"5":{"loc":{"start":{"line":115,"column":29},"end":{"line":115,"column":39}},"type":"default-arg","locations":[{"start":{"line":115,"column":37},"end":{"line":115,"column":39}}],"line":115},"6":{"loc":{"start":{"line":136,"column":24},"end":{"line":136,"column":57}},"type":"binary-expr","locations":[{"start":{"line":136,"column":24},"end":{"line":136,"column":52}},{"start":{"line":136,"column":56},"end":{"line":136,"column":57}}],"line":136}},"s":{"0":5,"1":5,"2":2,"3":2,"4":2,"5":1,"6":1,"7":1,"8":1,"9":0,"10":0,"11":0,"12":0,"13":0,"14":0,"15":0,"16":0,"17":2,"18":2,"19":2,"20":1,"21":1,"22":1,"23":0,"24":0,"25":2,"26":2,"27":2,"28":2,"29":0,"30":0,"31":2,"32":2,"33":2,"34":0,"35":0,"36":1,"37":1,"38":1,"39":1,"40":1,"41":1,"42":1,"43":1,"44":1,"45":0,"46":0,"47":5},"f":{"0":5,"1":2,"2":0,"3":2,"4":2,"5":2,"6":1},"b":{"0":[1,1],"1":[0,0],"2":[1,1],"3":[1],"4":[1],"5":[1],"6":[1,0]},"_coverageSchema":"1a1c01bbd47fc00a2c39e90264f33305004495a9","hash":"dc4d92e9749609a74e06a06a6b891618368b2dd8"}
,"C:\\Users\\kevin\\Desktop\\API prueba\\api-asteriscos\\src\\services\\adminService.js": {"path":"C:\\Users\\kevin\\Desktop\\API prueba\\api-asteriscos\\src\\services\\adminService.js","statementMap":{"0":{"start":{"line":1,"column":27},"end":{"line":1,"column":72}},"1":{"start":{"line":13,"column":4},"end":{"line":24,"column":5}},"2":{"start":{"line":14,"column":24},"end":{"line":14,"column":59}},"3":{"start":{"line":16,"column":6},"end":{"line":18,"column":7}},"4":{"start":{"line":17,"column":8},"end":{"line":17,"column":71}},"5":{"start":{"line":20,"column":6},"end":{"line":20,"column":18}},"6":{"start":{"line":22,"column":6},"end":{"line":22,"column":70}},"7":{"start":{"line":23,"column":6},"end":{"line":23,"column":18}},"8":{"start":{"line":34,"column":4},"end":{"line":67,"column":5}},"9":{"start":{"line":36,"column":31},"end":{"line":36,"column":68}},"10":{"start":{"line":38,"column":6},"end":{"line":40,"column":7}},"11":{"start":{"line":39,"column":8},"end":{"line":39,"column":66}},"12":{"start":{"line":43,"column":31},"end":{"line":43,"column":60}},"13":{"start":{"line":44,"column":30},"end":{"line":44,"column":32}},"14":{"start":{"line":46,"column":6},"end":{"line":50,"column":7}},"15":{"start":{"line":47,"column":8},"end":{"line":49,"column":9}},"16":{"start":{"line":48,"column":10},"end":{"line":48,"column":48}},"17":{"start":{"line":53,"column":6},"end":{"line":53,"column":51}},"18":{"start":{"line":56,"column":24},"end":{"line":56,"column":76}},"19":{"start":{"line":58,"column":6},"end":{"line":60,"column":7}},"20":{"start":{"line":59,"column":8},"end":{"line":59,"column":73}},"21":{"start":{"line":63,"column":6},"end":{"line":63,"column":51}},"22":{"start":{"line":65,"column":6},"end":{"line":65,"column":72}},"23":{"start":{"line":66,"column":6},"end":{"line":66,"column":18}},"24":{"start":{"line":75,"column":4},"end":{"line":80,"column":5}},"25":{"start":{"line":76,"column":6},"end":{"line":76,"column":60}},"26":{"start":{"line":78,"column":6},"end":{"line":78,"column":61}},"27":{"start":{"line":79,"column":6},"end":{"line":79,"column":18}},"28":{"start":{"line":84,"column":0},"end":{"line":84,"column":36}}},"fnMap":{"0":{"name":"(anonymous_0)","decl":{"start":{"line":12,"column":2},"end":{"line":12,"column":3}},"loc":{"start":{"line":12,"column":28},"end":{"line":25,"column":3}},"line":12},"1":{"name":"(anonymous_1)","decl":{"start":{"line":33,"column":2},"end":{"line":33,"column":3}},"loc":{"start":{"line":33,"column":37},"end":{"line":68,"column":3}},"line":33},"2":{"name":"(anonymous_2)","decl":{"start":{"line":74,"column":2},"end":{"line":74,"column":3}},"loc":{"start":{"line":74,"column":30},"end":{"line":81,"column":3}},"line":74}},"branchMap":{"0":{"loc":{"start":{"line":16,"column":6},"end":{"line":18,"column":7}},"type":"if","locations":[{"start":{"line":16,"column":6},"end":{"line":18,"column":7}},{"start":{},"end":{}}],"line":16},"1":{"loc":{"start":{"line":38,"column":6},"end":{"line":40,"column":7}},"type":"if","locations":[{"start":{"line":38,"column":6},"end":{"line":40,"column":7}},{"start":{},"end":{}}],"line":38},"2":{"loc":{"start":{"line":47,"column":8},"end":{"line":49,"column":9}},"type":"if","locations":[{"start":{"line":47,"column":8},"end":{"line":49,"column":9}},{"start":{},"end":{}}],"line":47},"3":{"loc":{"start":{"line":58,"column":6},"end":{"line":60,"column":7}},"type":"if","locations":[{"start":{"line":58,"column":6},"end":{"line":60,"column":7}},{"start":{},"end":{}}],"line":58}},"s":{"0":2,"1":2,"2":2,"3":2,"4":1,"5":1,"6":1,"7":1,"8":4,"9":4,"10":4,"11":1,"12":3,"13":3,"14":3,"15":6,"16":4,"17":3,"18":3,"19":3,"20":1,"21":2,"22":2,"23":2,"24":1,"25":1,"26":0,"27":0,"28":2},"f":{"0":2,"1":4,"2":1},"b":{"0":[1,1],"1":[1,3],"2":[4,2],"3":[1,2]},"_coverageSchema":"1a1c01bbd47fc00a2c39e90264f33305004495a9","hash":"981fafa8fb6467267dd6152b124350105676a6e3"}
,"C:\\Users\\kevin\\Desktop\\API prueba\\api-asteriscos\\src\\services\\palabrasService.js": {"path":"C:\\Users\\kevin\\Desktop\\API prueba\\api-asteriscos\\src\\services\\palabrasService.js","statementMap":{"0":{"start":{"line":1,"column":27},"end":{"line":1,"column":72}},"1":{"start":{"line":2,"column":25},"end":{"line":2,"column":55}},"2":{"start":{"line":14,"column":4},"end":{"line":57,"column":5}},"3":{"start":{"line":15,"column":6},"end":{"line":17,"column":7}},"4":{"start":{"line":16,"column":8},"end":{"line":16,"column":51}},"5":{"start":{"line":20,"column":21},"end":{"line":20,"column":52}},"6":{"start":{"line":21,"column":21},"end":{"line":21,"column":23}},"7":{"start":{"line":24,"column":24},"end":{"line":24,"column":25}},"8":{"start":{"line":27,"column":6},"end":{"line":29,"column":7}},"9":{"start":{"line":27,"column":19},"end":{"line":27,"column":20}},"10":{"start":{"line":28,"column":8},"end":{"line":28,"column":23}},"11":{"start":{"line":32,"column":6},"end":{"line":38,"column":9}},"12":{"start":{"line":33,"column":21},"end":{"line":33,"column":52}},"13":{"start":{"line":35,"column":8},"end":{"line":37,"column":9}},"14":{"start":{"line":35,"column":21},"end":{"line":35,"column":22}},"15":{"start":{"line":36,"column":10},"end":{"line":36,"column":53}},"16":{"start":{"line":41,"column":29},"end":{"line":41,"column":46}},"17":{"start":{"line":44,"column":24},"end":{"line":44,"column":88}},"18":{"start":{"line":46,"column":6},"end":{"line":53,"column":8}},"19":{"start":{"line":55,"column":6},"end":{"line":55,"column":64}},"20":{"start":{"line":56,"column":6},"end":{"line":56,"column":18}},"21":{"start":{"line":66,"column":4},"end":{"line":81,"column":5}},"22":{"start":{"line":67,"column":22},"end":{"line":67,"column":59}},"23":{"start":{"line":69,"column":6},"end":{"line":71,"column":7}},"24":{"start":{"line":70,"column":8},"end":{"line":70,"column":66}},"25":{"start":{"line":74,"column":6},"end":{"line":74,"column":55}},"26":{"start":{"line":77,"column":6},"end":{"line":77,"column":51}},"27":{"start":{"line":79,"column":6},"end":{"line":79,"column":69}},"28":{"start":{"line":80,"column":6},"end":{"line":80,"column":18}},"29":{"start":{"line":91,"column":4},"end":{"line":107,"column":5}},"30":{"start":{"line":92,"column":23},"end":{"line":92,"column":71}},"31":{"start":{"line":93,"column":20},"end":{"line":93,"column":52}},"32":{"start":{"line":95,"column":6},"end":{"line":103,"column":8}},"33":{"start":{"line":105,"column":6},"end":{"line":105,"column":56}},"34":{"start":{"line":106,"column":6},"end":{"line":106,"column":18}},"35":{"start":{"line":118,"column":4},"end":{"line":142,"column":5}},"36":{"start":{"line":119,"column":6},"end":{"line":121,"column":7}},"37":{"start":{"line":120,"column":8},"end":{"line":120,"column":57}},"38":{"start":{"line":123,"column":23},"end":{"line":123,"column":85}},"39":{"start":{"line":127,"column":20},"end":{"line":127,"column":97}},"40":{"start":{"line":129,"column":6},"end":{"line":138,"column":8}},"41":{"start":{"line":140,"column":6},"end":{"line":140,"column":56}},"42":{"start":{"line":141,"column":6},"end":{"line":141,"column":18}},"43":{"start":{"line":146,"column":0},"end":{"line":146,"column":39}}},"fnMap":{"0":{"name":"(anonymous_0)","decl":{"start":{"line":13,"column":2},"end":{"line":13,"column":3}},"loc":{"start":{"line":13,"column":33},"end":{"line":58,"column":3}},"line":13},"1":{"name":"(anonymous_1)","decl":{"start":{"line":32,"column":21},"end":{"line":32,"column":22}},"loc":{"start":{"line":32,"column":30},"end":{"line":38,"column":7}},"line":32},"2":{"name":"(anonymous_2)","decl":{"start":{"line":65,"column":2},"end":{"line":65,"column":3}},"loc":{"start":{"line":65,"column":27},"end":{"line":82,"column":3}},"line":65},"3":{"name":"(anonymous_3)","decl":{"start":{"line":90,"column":2},"end":{"line":90,"column":3}},"loc":{"start":{"line":90,"column":48},"end":{"line":108,"column":3}},"line":90},"4":{"name":"(anonymous_4)","decl":{"start":{"line":117,"column":2},"end":{"line":117,"column":3}},"loc":{"start":{"line":117,"column":55},"end":{"line":143,"column":3}},"line":117}},"branchMap":{"0":{"loc":{"start":{"line":15,"column":6},"end":{"line":17,"column":7}},"type":"if","locations":[{"start":{"line":15,"column":6},"end":{"line":17,"column":7}},{"start":{},"end":{}}],"line":15},"1":{"loc":{"start":{"line":33,"column":21},"end":{"line":33,"column":52}},"type":"binary-expr","locations":[{"start":{"line":33,"column":21},"end":{"line":33,"column":44}},{"start":{"line":33,"column":48},"end":{"line":33,"column":52}}],"line":33},"2":{"loc":{"start":{"line":36,"column":24},"end":{"line":36,"column":44}},"type":"binary-expr","locations":[{"start":{"line":36,"column":24},"end":{"line":36,"column":31}},{"start":{"line":36,"column":35},"end":{"line":36,"column":44}}],"line":36},"3":{"loc":{"start":{"line":69,"column":6},"end":{"line":71,"column":7}},"type":"if","locations":[{"start":{"line":69,"column":6},"end":{"line":71,"column":7}},{"start":{},"end":{}}],"line":69},"4":{"loc":{"start":{"line":90,"column":23},"end":{"line":90,"column":33}},"type":"default-arg","locations":[{"start":{"line":90,"column":32},"end":{"line":90,"column":33}}],"line":90},"5":{"loc":{"start":{"line":90,"column":35},"end":{"line":90,"column":46}},"type":"default-arg","locations":[{"start":{"line":90,"column":44},"end":{"line":90,"column":46}}],"line":90},"6":{"loc":{"start":{"line":117,"column":30},"end":{"line":117,"column":40}},"type":"default-arg","locations":[{"start":{"line":117,"column":39},"end":{"line":117,"column":40}}],"line":117},"7":{"loc":{"start":{"line":117,"column":42},"end":{"line":117,"column":53}},"type":"default-arg","locations":[{"start":{"line":117,"column":51},"end":{"line":117,"column":53}}],"line":117},"8":{"loc":{"start":{"line":119,"column":6},"end":{"line":121,"column":7}},"type":"if","locations":[{"start":{"line":119,"column":6},"end":{"line":121,"column":7}},{"start":{},"end":{}}],"line":119},"9":{"loc":{"start":{"line":127,"column":20},"end":{"line":127,"column":97}},"type":"cond-expr","locations":[{"start":{"line":127,"column":47},"end":{"line":127,"column":62}},{"start":{"line":127,"column":65},"end":{"line":127,"column":97}}],"line":127}},"s":{"0":2,"1":2,"2":3,"3":3,"4":2,"5":1,"6":1,"7":1,"8":1,"9":1,"10":7,"11":1,"12":2,"13":2,"14":2,"15":14,"16":1,"17":1,"18":1,"19":2,"20":2,"21":2,"22":2,"23":2,"24":1,"25":1,"26":1,"27":1,"28":1,"29":2,"30":2,"31":2,"32":2,"33":0,"34":0,"35":2,"36":2,"37":1,"38":1,"39":1,"40":1,"41":0,"42":0,"43":2},"f":{"0":3,"1":2,"2":2,"3":2,"4":2},"b":{"0":[2,1],"1":[2,0],"2":[14,0],"3":[1,1],"4":[1],"5":[1],"6":[2],"7":[2],"8":[1,1],"9":[1,0]},"_coverageSchema":"1a1c01bbd47fc00a2c39e90264f33305004495a9","hash":"75f0fb5d06072231dea552a6312d268bc5509f69"}
}
