TN:
SF:src\config\database.js
FN:17,testConnection
FNF:1
FNH:0
FNDA:0,testConnection
DA:1,4
DA:2,4
DA:5,4
DA:18,0
DA:19,0
DA:20,0
DA:21,0
DA:22,0
DA:24,0
DA:25,0
DA:29,4
LF:11
LH:4
BRDA:6,0,0,4
BRDA:6,0,1,0
BRDA:7,1,0,4
BRDA:7,1,1,0
BRDA:8,2,0,4
BRDA:8,2,1,0
BRDA:9,3,0,4
BRDA:9,3,1,0
BRDA:10,4,0,4
BRDA:10,4,1,0
BRF:10
BRH:5
end_of_record
TN:
SF:src\controllers\adminController.js
FN:6,(anonymous_0)
FN:31,(anonymous_1)
FN:61,(anonymous_2)
FNF:3
FNH:3
FNDA:4,(anonymous_0)
FNDA:5,(anonymous_1)
FNDA:2,(anonymous_2)
DA:1,1
DA:6,1
DA:7,4
DA:8,4
DA:10,4
DA:11,1
DA:14,3
DA:16,1
DA:18,2
DA:20,2
DA:21,1
DA:24,1
DA:31,1
DA:32,5
DA:33,5
DA:34,5
DA:36,5
DA:37,1
DA:40,4
DA:41,1
DA:44,3
DA:46,1
DA:48,2
DA:50,2
DA:51,1
DA:54,1
DA:61,1
DA:62,2
DA:63,2
DA:65,1
DA:67,1
DA:68,1
DA:72,1
LF:33
LH:33
BRDA:10,0,0,1
BRDA:10,0,1,3
BRDA:10,1,0,4
BRDA:10,1,1,3
BRDA:20,2,0,1
BRDA:20,2,1,1
BRDA:36,3,0,1
BRDA:36,3,1,4
BRDA:36,4,0,5
BRDA:36,4,1,4
BRDA:40,5,0,1
BRDA:40,5,1,3
BRDA:40,6,0,4
BRDA:40,6,1,4
BRDA:50,7,0,1
BRDA:50,7,1,1
BRF:16
BRH:16
end_of_record
TN:
SF:src\controllers\palabrasController.js
FN:7,(anonymous_0)
FN:37,(anonymous_1)
FN:62,(anonymous_2)
FN:79,(anonymous_3)
FNF:4
FNH:4
FNDA:3,(anonymous_0)
FNDA:4,(anonymous_1)
FNDA:3,(anonymous_2)
FNDA:3,(anonymous_3)
DA:1,1
DA:7,1
DA:8,3
DA:9,3
DA:11,3
DA:12,1
DA:16,2
DA:19,1
DA:22,1
DA:29,1
DA:30,1
DA:37,1
DA:38,4
DA:39,4
DA:41,4
DA:42,1
DA:45,3
DA:47,1
DA:49,2
DA:51,2
DA:52,1
DA:55,1
DA:62,1
DA:63,3
DA:64,3
DA:65,3
DA:67,3
DA:69,2
DA:71,1
DA:72,1
DA:79,1
DA:80,3
DA:81,3
DA:82,3
DA:83,3
DA:85,3
DA:87,2
DA:89,1
DA:90,1
DA:94,1
LF:40
LH:40
BRDA:11,0,0,1
BRDA:11,0,1,2
BRDA:41,1,0,1
BRDA:41,1,1,3
BRDA:41,2,0,4
BRDA:41,2,1,3
BRDA:51,3,0,1
BRDA:51,3,1,1
BRDA:64,4,0,3
BRDA:64,4,1,2
BRDA:65,5,0,3
BRDA:65,5,1,2
BRDA:82,6,0,3
BRDA:82,6,1,2
BRDA:83,7,0,3
BRDA:83,7,1,2
BRF:16
BRH:16
end_of_record
TN:
SF:src\helpers\Alfabeto.js
FNF:0
FNH:0
DA:1,1
DA:247,1
LF:2
LH:2
BRF:0
BRH:0
end_of_record
TN:
SF:src\repositories\baseRepository.js
FN:11,(anonymous_0)
FN:21,(anonymous_1)
FN:36,(anonymous_2)
FN:53,(anonymous_3)
FN:69,(anonymous_4)
FN:73,(anonymous_5)
FN:94,(anonymous_6)
FN:99,(anonymous_7)
FN:115,(anonymous_8)
FN:130,(anonymous_9)
FN:146,(anonymous_10)
FN:151,(anonymous_11)
FNF:12
FNH:12
FNDA:18,(anonymous_0)
FNDA:13,(anonymous_1)
FNDA:2,(anonymous_2)
FNDA:2,(anonymous_3)
FNDA:1,(anonymous_4)
FNDA:2,(anonymous_5)
FNDA:2,(anonymous_6)
FNDA:3,(anonymous_7)
FNDA:2,(anonymous_8)
FNDA:1,(anonymous_9)
FNDA:1,(anonymous_10)
FNDA:2,(anonymous_11)
DA:1,6
DA:12,18
DA:22,13
DA:23,13
DA:24,12
DA:26,1
DA:27,1
DA:37,2
DA:38,2
DA:39,2
DA:40,2
DA:42,0
DA:43,0
DA:54,2
DA:55,2
DA:56,2
DA:57,2
DA:59,0
DA:60,0
DA:70,1
DA:71,1
DA:72,1
DA:73,2
DA:75,1
DA:76,1
DA:78,1
DA:83,0
DA:84,0
DA:95,2
DA:96,2
DA:97,2
DA:99,3
DA:100,2
DA:102,2
DA:103,2
DA:105,0
DA:106,0
DA:116,2
DA:117,2
DA:118,2
DA:119,2
DA:121,0
DA:122,0
DA:131,1
DA:132,1
DA:133,1
DA:134,1
DA:136,0
DA:137,0
DA:147,1
DA:148,1
DA:149,1
DA:151,2
DA:152,1
DA:154,1
DA:156,0
DA:157,0
DA:162,6
LF:58
LH:44
BRDA:21,0,0,3
BRDA:40,1,0,1
BRDA:40,1,1,1
BRDA:53,2,0,1
BRDA:53,3,0,1
BRF:5
BRH:5
end_of_record
TN:
SF:src\repositories\palabrasRepository.js
FN:10,(anonymous_0)
FN:21,(anonymous_1)
FN:60,(anonymous_2)
FN:76,(anonymous_3)
FN:99,(anonymous_4)
FN:115,(anonymous_5)
FN:129,(anonymous_6)
FNF:7
FNH:6
FNDA:5,(anonymous_0)
FNDA:2,(anonymous_1)
FNDA:0,(anonymous_2)
FNDA:2,(anonymous_3)
FNDA:2,(anonymous_4)
FNDA:2,(anonymous_5)
FNDA:1,(anonymous_6)
DA:1,5
DA:11,5
DA:22,2
DA:24,2
DA:26,2
DA:28,1
DA:29,1
DA:34,1
DA:41,1
DA:50,0
DA:51,0
DA:61,0
DA:62,0
DA:63,0
DA:64,0
DA:66,0
DA:67,0
DA:77,2
DA:78,2
DA:79,2
DA:81,1
DA:82,1
DA:87,0
DA:88,0
DA:100,2
DA:101,2
DA:102,2
DA:103,2
DA:105,0
DA:106,0
DA:116,2
DA:117,2
DA:118,2
DA:120,0
DA:121,0
DA:130,1
DA:131,1
DA:132,1
DA:134,1
DA:135,1
DA:136,1
DA:138,1
DA:139,1
DA:141,1
DA:148,0
DA:149,0
DA:154,5
LF:47
LH:31
BRDA:26,0,0,1
BRDA:26,0,1,1
BRDA:64,1,0,0
BRDA:64,1,1,0
BRDA:79,2,0,1
BRDA:79,2,1,1
BRDA:99,3,0,1
BRDA:99,4,0,1
BRDA:115,5,0,1
BRDA:136,6,0,1
BRDA:136,6,1,0
BRF:11
BRH:8
end_of_record
TN:
SF:src\services\adminService.js
FN:12,(anonymous_0)
FN:33,(anonymous_1)
FN:74,(anonymous_2)
FNF:3
FNH:3
FNDA:2,(anonymous_0)
FNDA:4,(anonymous_1)
FNDA:1,(anonymous_2)
DA:1,2
DA:13,2
DA:14,2
DA:16,2
DA:17,1
DA:20,1
DA:22,1
DA:23,1
DA:34,4
DA:36,4
DA:38,4
DA:39,1
DA:43,3
DA:44,3
DA:46,3
DA:47,6
DA:48,4
DA:53,3
DA:56,3
DA:58,3
DA:59,1
DA:63,2
DA:65,2
DA:66,2
DA:75,1
DA:76,1
DA:78,0
DA:79,0
DA:84,2
LF:29
LH:27
BRDA:16,0,0,1
BRDA:16,0,1,1
BRDA:38,1,0,1
BRDA:38,1,1,3
BRDA:47,2,0,4
BRDA:47,2,1,2
BRDA:58,3,0,1
BRDA:58,3,1,2
BRF:8
BRH:8
end_of_record
TN:
SF:src\services\palabrasService.js
FN:13,(anonymous_0)
FN:32,(anonymous_1)
FN:65,(anonymous_2)
FN:90,(anonymous_3)
FN:117,(anonymous_4)
FNF:5
FNH:5
FNDA:3,(anonymous_0)
FNDA:2,(anonymous_1)
FNDA:2,(anonymous_2)
FNDA:2,(anonymous_3)
FNDA:2,(anonymous_4)
DA:1,2
DA:2,2
DA:14,3
DA:15,3
DA:16,2
DA:20,1
DA:21,1
DA:24,1
DA:27,1
DA:28,7
DA:32,1
DA:33,2
DA:35,2
DA:36,14
DA:41,1
DA:44,1
DA:46,1
DA:55,2
DA:56,2
DA:66,2
DA:67,2
DA:69,2
DA:70,1
DA:74,1
DA:77,1
DA:79,1
DA:80,1
DA:91,2
DA:92,2
DA:93,2
DA:95,2
DA:105,0
DA:106,0
DA:118,2
DA:119,2
DA:120,1
DA:123,1
DA:127,1
DA:129,1
DA:140,0
DA:141,0
DA:146,2
LF:42
LH:38
BRDA:15,0,0,2
BRDA:15,0,1,1
BRDA:33,1,0,2
BRDA:33,1,1,0
BRDA:36,2,0,14
BRDA:36,2,1,0
BRDA:69,3,0,1
BRDA:69,3,1,1
BRDA:90,4,0,1
BRDA:90,5,0,1
BRDA:117,6,0,2
BRDA:117,7,0,2
BRDA:119,8,0,1
BRDA:119,8,1,1
BRDA:127,9,0,1
BRDA:127,9,1,0
BRF:16
BRH:13
end_of_record
